<?xml version="1.0" encoding="UTF-8"?>
<!-- Generated by org.testng.reporters.JUnitXMLReporter -->
<testsuite ignored="0" hostname="LTIN719458" failures="0" tests="5" name="Default test" time="77.563" errors="0" timestamp="2026-05-18T10:32:34 IST">
  <testcase classname="tests.ToDoTest" name="createTasksFromExcel" time="45.593"/>
  <testcase classname="tests.ToDoTest" name="updateTask" time="8.669"/>
  <testcase classname="tests.ToDoTest" name="completeTask" time="3.32"/>
  <testcase classname="tests.ToDoTest" name="validateTotal" time="2.283"/>
  <testcase classname="tests.ToDoTest" name="deleteTask" time="3.347"/>
</testsuite> <!-- Default test -->
