<?xml version="1.0" encoding="UTF-8"?>
<testng-results ignored="0" total="5" passed="5" failed="0" skipped="0">
  <reporter-output>
  </reporter-output>
  <suite started-at="2026-05-18T10:31:17 IST" name="Default suite" finished-at="2026-05-18T10:32:34 IST" duration-ms="77563">
    <groups>
    </groups>
    <test started-at="2026-05-18T10:31:17 IST" name="Default test" finished-at="2026-05-18T10:32:34 IST" duration-ms="77563">
      <class name="tests.ToDoTest">
        <test-method is-config="true" signature="start()[pri:0, instance:tests.ToDoTest@5b7a5baa]" started-at="2026-05-18T10:31:17 IST" name="start" finished-at="2026-05-18T10:31:24 IST" duration-ms="7597" status="PASS">
          <reporter-output>
          </reporter-output>
        </test-method> <!-- start -->
        <test-method signature="createTasksFromExcel()[pri:1, instance:tests.ToDoTest@5b7a5baa]" started-at="2026-05-18T10:31:24 IST" name="createTasksFromExcel" finished-at="2026-05-18T10:32:10 IST" duration-ms="45593" status="PASS">
          <reporter-output>
          </reporter-output>
        </test-method> <!-- createTasksFromExcel -->
        <test-method signature="updateTask()[pri:2, instance:tests.ToDoTest@5b7a5baa]" started-at="2026-05-18T10:32:10 IST" name="updateTask" finished-at="2026-05-18T10:32:19 IST" duration-ms="8669" status="PASS">
          <reporter-output>
          </reporter-output>
        </test-method> <!-- updateTask -->
        <test-method signature="completeTask()[pri:3, instance:tests.ToDoTest@5b7a5baa]" started-at="2026-05-18T10:32:19 IST" name="completeTask" finished-at="2026-05-18T10:32:22 IST" duration-ms="3320" status="PASS">
          <reporter-output>
          </reporter-output>
        </test-method> <!-- completeTask -->
        <test-method signature="validateTotal()[pri:4, instance:tests.ToDoTest@5b7a5baa]" started-at="2026-05-18T10:32:22 IST" name="validateTotal" finished-at="2026-05-18T10:32:24 IST" duration-ms="2283" status="PASS">
          <reporter-output>
          </reporter-output>
        </test-method> <!-- validateTotal -->
        <test-method signature="deleteTask()[pri:5, instance:tests.ToDoTest@5b7a5baa]" started-at="2026-05-18T10:32:24 IST" name="deleteTask" finished-at="2026-05-18T10:32:28 IST" duration-ms="3347" status="PASS">
          <reporter-output>
          </reporter-output>
        </test-method> <!-- deleteTask -->
        <test-method is-config="true" signature="end()[pri:0, instance:tests.ToDoTest@5b7a5baa]" started-at="2026-05-18T10:32:28 IST" name="end" finished-at="2026-05-18T10:32:34 IST" duration-ms="6618" status="PASS">
          <reporter-output>
          </reporter-output>
        </test-method> <!-- end -->
      </class> <!-- tests.ToDoTest -->
    </test> <!-- Default test -->
  </suite> <!-- Default suite -->
</testng-results>
