<?xml version="1.0" encoding="UTF-8"?>
<!-- Generated by org.testng.reporters.JUnitReportReporter -->
<testsuite hostname="LTIN719458" failures="0" tests="5" name="tests.ToDoTest" time="63.212" errors="0" timestamp="2026-05-18T10:32:35 IST" skipped="0">
  <testcase classname="tests.ToDoTest" name="createTasksFromExcel" time="45.593"/>
  <testcase classname="tests.ToDoTest" name="updateTask" time="8.669"/>
  <testcase classname="tests.ToDoTest" name="completeTask" time="3.320"/>
  <testcase classname="tests.ToDoTest" name="validateTotal" time="2.283"/>
  <testcase classname="tests.ToDoTest" name="deleteTask" time="3.347"/>
</testsuite> <!-- tests.ToDoTest -->
