<?xml version="1.0" encoding="UTF-8"?>
<!-- Generated by org.testng.reporters.JUnitReportReporter -->
<testsuite hostname="LTIN719458" failures="0" tests="5" name="tests.TestNGToDo" time="77.280" errors="0" timestamp="2026-05-20T12:44:00 IST" skipped="0">
  <testcase classname="tests.TestNGToDo" name="updateTask" time="10.977"/>
  <testcase classname="tests.TestNGToDo" name="completeTask" time="1.911"/>
  <testcase classname="tests.TestNGToDo" name="createTasks" time="62.430"/>
  <testcase classname="tests.TestNGToDo" name="calcTotal" time="1.744"/>
  <testcase classname="tests.TestNGToDo" name="checkCountdown" time="0.218"/>
</testsuite> <!-- tests.TestNGToDo -->
