<?xml version="1.0" encoding="UTF-8"?>
<!-- Generated by org.testng.reporters.JUnitReportReporter -->
<testsuite hostname="LTIN719458" failures="0" tests="9" name="withTestng.ToDoTestNG" time="44.883" errors="0" timestamp="2026-05-12T09:17:25 IST" skipped="0">
  <testcase classname="withTestng.ToDoTestNG" name="createTasks" time="27.181"/>
  <testcase classname="withTestng.ToDoTestNG" name="editTask" time="2.308"/>
  <testcase classname="withTestng.ToDoTestNG" name="updateTask" time="5.010"/>
  <testcase classname="withTestng.ToDoTestNG" name="markTaskComplete" time="2.277"/>
  <testcase classname="withTestng.ToDoTestNG" name="calculateTotalDuration" time="1.815"/>
  <testcase classname="withTestng.ToDoTestNG" name="checkCountdown" time="1.576"/>
  <testcase classname="withTestng.ToDoTestNG" name="verifyPersistence" time="2.337"/>
  <testcase classname="withTestng.ToDoTestNG" name="deleteTask" time="2.283"/>
  <testcase classname="withTestng.ToDoTestNG" name="validateOtherTasks" time="0.096"/>
</testsuite> <!-- withTestng.ToDoTestNG -->
